<?xml version="1.0" encoding="UTF-8"?>
<testng-results ignored="0" total="2" passed="2" failed="0" skipped="0">
  <reporter-output>
    <line>
      <![CDATA[Login successfully executed]]>
    </line>
  </reporter-output>
  <suite started-at="2020-10-25T14:10:19Z" name="Data Driven Basics" finished-at="2020-10-25T14:10:23Z" duration-ms="3932">
    <groups>
    </groups>
    <test started-at="2020-10-25T14:10:19Z" name="BankManagerLoginTest" finished-at="2020-10-25T14:10:21Z" duration-ms="2453">
      <class name="com.way2a.testcases.BankManagerLoginTest">
        <test-method signature="loginAsBankManager()[pri:0, instance:com.way2a.testcases.BankManagerLoginTest@5adb0db3]" started-at="2020-10-25T19:40:19Z" name="loginAsBankManager" finished-at="2020-10-25T19:40:21Z" duration-ms="2438" status="PASS">
          <reporter-output>
            <line>
              <![CDATA[Login successfully executed]]>
            </line>
          </reporter-output>
        </test-method> <!-- loginAsBankManager -->
      </class> <!-- com.way2a.testcases.BankManagerLoginTest -->
    </test> <!-- BankManagerLoginTest -->
    <test started-at="2020-10-25T14:10:21Z" name="Add Customer Test" finished-at="2020-10-25T14:10:23Z" duration-ms="1161">
      <class name="com.way2a.testcases.AddCustomerTest">
        <test-method is-config="true" signature="setUp()[pri:0, instance:com.way2a.testcases.AddCustomerTest@517566b]" started-at="2020-10-25T19:39:54Z" name="setUp" finished-at="2020-10-25T19:40:19Z" duration-ms="24295" status="PASS">
          <reporter-output>
          </reporter-output>
        </test-method> <!-- setUp -->
        <test-method signature="addCustomer(java.lang.String, java.lang.String, java.lang.String)[pri:0, instance:com.way2a.testcases.AddCustomerTest@517566b]" started-at="2020-10-25T19:40:22Z" name="addCustomer" data-provider="getData" finished-at="2020-10-25T19:40:23Z" duration-ms="1073" status="PASS">
          <params>
            <param index="0">
              <value>
                <![CDATA[nishanth]]>
              </value>
            </param>
            <param index="1">
              <value>
                <![CDATA[sm]]>
              </value>
            </param>
            <param index="2">
              <value>
                <![CDATA[560072.0]]>
              </value>
            </param>
          </params>
          <reporter-output>
          </reporter-output>
        </test-method> <!-- addCustomer -->
        <test-method is-config="true" signature="tearDown()[pri:0, instance:com.way2a.testcases.AddCustomerTest@517566b]" started-at="2020-10-25T19:40:23Z" name="tearDown" finished-at="2020-10-25T19:40:24Z" duration-ms="1499" status="PASS">
          <reporter-output>
          </reporter-output>
        </test-method> <!-- tearDown -->
      </class> <!-- com.way2a.testcases.AddCustomerTest -->
    </test> <!-- Add Customer Test -->
  </suite> <!-- Data Driven Basics -->
</testng-results>
