<?xml version="1.0" encoding="UTF-8"?>
<!-- Generated by org.testng.reporters.JUnitXMLReporter -->
<testsuite ignored="0" hostname="NISHANTH" failures="1" tests="1" name="Add Customer Test" time="0.889" errors="0" timestamp="24 Oct 2020 14:04:27 GMT">
  <testcase classname="com.way2a.testcases.AddCustomerTest" name="addCustomer" time="0.85">
    <failure type="java.lang.AssertionError" message="Customer not added">
      <![CDATA[java.lang.AssertionError: Customer not added
	at com.way2a.testcases.AddCustomerTest.addCustomer(AddCustomerTest.java:22)
... Removed 26 stack frames]]>
    </failure>
  </testcase> <!-- addCustomer -->
</testsuite> <!-- Add Customer Test -->
